time="2024-09-28T19:02:43+03:00" level=info msg="Starting application on port 8080"
time="2024-09-28T19:02:53+03:00" level=info msg="Starting application on port 8080"
time="2024-09-28T19:04:00+03:00" level=info msg="Starting application on port 8080"
time="2024-09-28T19:04:25+03:00" level=info msg="Starting application on port 8080"
time="2024-09-28T19:04:52+03:00" level=info msg="Starting application on port 8080"
time="2024-09-28T19:05:01+03:00" level=info msg="Starting application on port 8080"
time="2024-09-28T19:05:05+03:00" level=info msg="Starting application on port 8080"
time="2024-09-28T19:07:07+03:00" level=info msg="Starting application on port 8080"
time="2024-09-28T19:07:38+03:00" level=info msg="Starting application on port 8080"
time="2024-09-29T04:21:30+03:00" level=info msg="Starting application on port 8080"
time="2024-09-29T04:58:15+03:00" level=info msg="Starting application on port 8080"
time="2024-09-29T04:58:42+03:00" level=info msg="Starting application on port 8080"
time="2024-09-29T04:58:42+03:00" level=info msg="Server is running on port %s8000"
time="2024-09-29T05:01:02+03:00" level=info msg="Starting application on port 8080"
time="2024-09-29T05:01:02+03:00" level=info msg="Server is running on port %s8000"
time="2024-09-29T05:06:55+03:00" level=error msg="failed to fetch access token: 400 Bad Request"
time="2024-09-29T05:07:20+03:00" level=error msg="failed to fetch access token: 400 Bad Request"
time="2024-09-29T05:07:22+03:00" level=error msg="failed to fetch access token: 400 Bad Request"
time="2024-09-29T05:07:27+03:00" level=error msg="failed to fetch access token: 400 Bad Request"
time="2024-09-29T05:07:36+03:00" level=error msg="failed to fetch access token: 400 Bad Request"
time="2024-09-29T05:10:23+03:00" level=info msg="Starting application on port 8080"
time="2024-09-29T05:10:23+03:00" level=info msg="Server is running on port %s8000"
time="2024-09-29T05:11:20+03:00" level=info msg="Starting application on port 8080"
time="2024-09-29T05:11:20+03:00" level=info msg="Server is running on port %s8000"
time="2024-09-29T05:11:43+03:00" level=info msg="Starting application on port 8080"
time="2024-09-29T05:11:43+03:00" level=info msg="Server is running on port %s8000"
time="2024-09-29T05:13:06+03:00" level=info msg="Starting application on port 8080"
time="2024-09-29T05:13:06+03:00" level=info msg="Server is running on port %s8000"
time="2024-09-29T05:14:44+03:00" level=info msg="Starting application on port 8080"
time="2024-09-29T05:14:45+03:00" level=info msg="Server is running on port %s8000"
time="2024-09-29T05:17:28+03:00" level=info msg="Starting application on port 8080"
time="2024-09-29T05:17:28+03:00" level=info msg="Server is running on port %s8000"
time="2024-09-29T05:21:48+03:00" level=info msg="Starting application on port 8080"
time="2024-09-29T05:21:48+03:00" level=info msg="Server is running on port %s8000"
time="2024-09-29T05:23:51+03:00" level=info msg="Starting application on port 8080"
time="2024-09-29T05:23:51+03:00" level=info msg="Server is running on port %s8000"
time="2024-09-29T05:27:02+03:00" level=info msg="Starting application on port 8080"
time="2024-09-29T05:27:02+03:00" level=info msg="Server is running on port %s8000"
time="2024-09-29T05:27:42+03:00" level=info msg="Starting application on port 8080"
time="2024-09-29T05:27:42+03:00" level=info msg="Server is running on port %s8000"
time="2024-09-29T05:39:14+03:00" level=info msg="Starting application on port 8080"
time="2024-09-29T05:39:14+03:00" level=info msg="Server is running on port %s8000"
time="2024-09-29T05:42:18+03:00" level=info msg="Starting application on port 8080"
time="2024-09-29T05:42:18+03:00" level=info msg="Server is running on port %s8000"
time="2024-09-29T05:49:51+03:00" level=info msg="Starting application on port 8080"
time="2024-09-29T05:49:51+03:00" level=info msg="Server is running on port %s8000"
time="2024-09-29T05:51:49+03:00" level=info msg="Starting application on port 8080"
time="2024-09-29T05:51:49+03:00" level=info msg="Server is running on port %s8000"
time="2024-09-29T05:52:04+03:00" level=info msg="Successfully obtained access token"
time="2024-09-29T18:38:16+03:00" level=info msg="Starting application on port 8080"
time="2024-09-29T18:38:27+03:00" level=info msg="Starting application on port 8080"
time="2024-09-29T18:38:27+03:00" level=info msg="Server is running on port %s8000"
time="2024-09-29T18:38:55+03:00" level=info msg="Successfully obtained access token"
time="2024-09-29T18:54:19+03:00" level=info msg="Starting application on port 8080"
time="2024-09-29T18:54:19+03:00" level=info msg="Server is running on port %s8000"
time="2024-09-29T18:54:26+03:00" level=error msg="failed to fetch access token: 400 Bad Request"
time="2024-09-29T18:54:34+03:00" level=error msg="Failed to search tracks: 400 Bad Request"
time="2024-09-29T18:54:41+03:00" level=info msg="Successfully obtained access token"
time="2024-09-29T19:16:58+03:00" level=info msg="Successfully obtained access token"
time="2024-09-29T19:18:23+03:00" level=info msg="Starting application on port 8080"
time="2024-09-29T19:18:23+03:00" level=info msg="Server is running on port %s8000"
time="2024-09-29T19:21:58+03:00" level=error msg="Failed to search tracks: 400 Bad Request"
time="2024-09-29T19:22:36+03:00" level=error msg="Failed to search tracks: 400 Bad Request"
time="2024-09-29T19:24:49+03:00" level=info msg="Starting application on port 8080"
time="2024-09-29T19:24:49+03:00" level=info msg="Server is running on port %s8000"
time="2024-09-29T19:24:55+03:00" level=error msg="Failed to search tracks: 400 Bad Request"
time="2024-09-29T19:24:55+03:00" level=error msg="Failed to search tracks: 400 Bad Request"
time="2024-09-29T19:24:56+03:00" level=error msg="Failed to search tracks: 400 Bad Request"
time="2024-09-29T19:24:56+03:00" level=error msg="Failed to search tracks: 400 Bad Request"
time="2024-09-29T19:24:56+03:00" level=error msg="Failed to search tracks: 400 Bad Request"
time="2024-09-29T19:24:56+03:00" level=error msg="Failed to search tracks: 400 Bad Request"
time="2024-09-29T19:24:59+03:00" level=error msg="Failed to search tracks: 400 Bad Request"
time="2024-09-29T19:25:03+03:00" level=error msg="failed to fetch access token: 400 Bad Request"
time="2024-09-29T19:25:11+03:00" level=info msg="Successfully obtained access token"
time="2024-09-29T19:25:33+03:00" level=error msg="failed to fetch access token: 400 Bad Request"
time="2024-09-29T19:25:39+03:00" level=info msg="Successfully obtained access token"
time="2024-09-29T19:26:59+03:00" level=error msg="failed to fetch access token: 400 Bad Request"
time="2024-09-29T19:27:35+03:00" level=info msg="Successfully obtained access token"
time="2024-09-29T19:28:30+03:00" level=error msg="Failed to search tracks: 500 Internal Server Error"
time="2024-09-29T19:31:37+03:00" level=info msg="Starting application on port 8080"
time="2024-09-29T19:31:37+03:00" level=info msg="Server is running on port %s8000"
time="2024-09-29T19:32:08+03:00" level=info msg="Successfully obtained access token"
time="2024-09-29T19:32:50+03:00" level=error msg="Failed to search tracks: 500 Internal Server Error"
time="2024-09-29T19:32:55+03:00" level=error msg="Failed to search tracks: 500 Internal Server Error"
time="2024-09-29T19:33:04+03:00" level=error msg="Failed to search tracks: 504 Gateway Timeout"
time="2024-09-29T19:33:16+03:00" level=error msg="Failed to search tracks: 500 Internal Server Error"
time="2024-09-29T19:34:04+03:00" level=error msg="Failed to search tracks: 500 Internal Server Error"
time="2024-09-29T19:35:26+03:00" level=info msg="Starting application on port 8080"
time="2024-09-29T19:35:26+03:00" level=info msg="Server is running on port %s8000"
time="2024-09-29T19:35:38+03:00" level=error msg="failed to fetch access token: 400 Bad Request"
time="2024-09-29T19:35:43+03:00" level=info msg="Successfully obtained access token"
time="2024-09-29T19:36:25+03:00" level=error msg="failed to fetch access token: 400 Bad Request"
time="2024-09-29T19:36:33+03:00" level=info msg="Successfully obtained access token"
time="2024-09-29T19:40:40+03:00" level=info msg="Starting application on port 8080"
time="2024-09-29T19:40:40+03:00" level=info msg="Server is running on port %s8000"
time="2024-09-29T19:41:00+03:00" level=error msg="Failed to search tracks: 400 Bad Request"
time="2024-09-29T19:41:07+03:00" level=error msg="Failed to search tracks: 400 Bad Request"
time="2024-09-29T19:41:14+03:00" level=info msg="Successfully obtained access token"
time="2024-09-29T19:50:46+03:00" level=info msg="Starting application on port 8080"
time="2024-09-29T19:50:46+03:00" level=info msg="Server is running on port %s8000"
time="2024-09-29T19:51:13+03:00" level=error msg="failed to fetch access token: 400 Bad Request"
time="2024-09-29T19:51:18+03:00" level=info msg="Successfully obtained access token"
time="2024-09-29T19:53:28+03:00" level=info msg="Successfully obtained access token"
time="2024-09-29T19:55:39+03:00" level=info msg="Successfully obtained access token"
time="2024-09-29T19:59:20+03:00" level=info msg="Successfully obtained access token"
time="2024-09-29T20:01:41+03:00" level=info msg="Successfully obtained access token"
time="2024-09-29T20:05:12+03:00" level=error msg="failed to fetch access token: 400 Bad Request"
time="2024-09-29T20:05:12+03:00" level=info msg="Successfully obtained access token"
time="2024-09-29T20:08:14+03:00" level=info msg="Successfully obtained access token"
time="2024-09-29T20:44:03+03:00" level=info msg="Starting application on port 8080"
time="2024-09-29T20:44:03+03:00" level=info msg="Server is running on port %s8000"
time="2024-09-29T21:03:55+03:00" level=info msg="Starting application on port 8080"
time="2024-09-29T21:03:55+03:00" level=info msg="Server is running on port %s8000"
time="2024-09-29T21:08:02+03:00" level=info msg="Starting application on port 8080"
time="2024-09-29T21:08:02+03:00" level=info msg="Server is running on port %s8000"
time="2024-09-29T21:12:02+03:00" level=info msg="Starting application on port 8080"
time="2024-09-29T21:12:02+03:00" level=info msg="Server is running on port %s8000"
time="2024-09-29T21:16:59+03:00" level=info msg="Starting application on port 8080"
time="2024-09-29T21:16:59+03:00" level=info msg="Server is running on port %s8000"
time="2024-09-29T21:35:04+03:00" level=info msg="Starting application on port 8080"
time="2024-09-29T21:35:04+03:00" level=info msg="Server is running on port %s8000"
time="2024-09-29T21:38:39+03:00" level=info msg="Starting application on port 8080"
time="2024-09-29T21:38:39+03:00" level=info msg="Server is running on port %s8000"
time="2024-09-29T21:42:34+03:00" level=info msg="Starting application on port 8080"
time="2024-09-29T21:42:34+03:00" level=info msg="Server is running on port %s8000"
time="2024-09-29T21:45:54+03:00" level=info msg="Starting application on port 8080"
time="2024-09-29T21:45:54+03:00" level=info msg="Server is running on port %s8000"
time="2024-09-29T21:47:51+03:00" level=info msg="Starting application on port 8080"
time="2024-09-29T21:47:51+03:00" level=info msg="Server is running on port %s8000"
time="2024-09-29T21:51:11+03:00" level=info msg="Starting application on port 8080"
time="2024-09-29T21:51:11+03:00" level=info msg="Server is running on port %s8000"
time="2024-09-29T21:57:33+03:00" level=info msg="Starting application on port 8080"
time="2024-09-29T21:57:33+03:00" level=info msg="Server is running on port %s8000"
time="2024-09-29T22:00:31+03:00" level=info msg="Starting application on port 8080"
time="2024-09-29T22:00:31+03:00" level=info msg="Server is running on port %s8000"
time="2024-09-29T22:04:05+03:00" level=info msg="Starting application on port 8080"
time="2024-09-29T22:04:06+03:00" level=info msg="Server is running on port %s8000"
time="2024-09-29T22:05:35+03:00" level=info msg="Starting application on port 8080"
time="2024-09-29T22:05:36+03:00" level=info msg="Server is running on port %s8000"
time="2024-09-29T22:06:01+03:00" level=info msg="Starting application on port 8080"
time="2024-09-29T22:06:01+03:00" level=info msg="Server is running on port %s8000"
time="2024-09-29T22:09:36+03:00" level=info msg="Starting application on port 8080"
time="2024-09-29T22:09:36+03:00" level=info msg="Server is running on port %s8000"
time="2024-09-29T22:11:51+03:00" level=info msg="Starting application on port 8080"
time="2024-09-29T22:11:51+03:00" level=info msg="Server is running on port %s8000"
time="2024-09-29T23:46:54+03:00" level=info msg="Starting application on port 8080"
time="2024-09-29T23:47:21+03:00" level=info msg="Starting application on port 8080"
time="2024-09-29T23:50:15+03:00" level=info msg="Starting application on port 8080"
time="2024-09-29T23:50:15+03:00" level=info msg="Server is running on port %s8000"
time="2024-09-30T00:02:07+03:00" level=info msg="Starting application on port 8080"
time="2024-09-30T00:02:07+03:00" level=info msg="Server is running on port %s8000"
time="2024-09-30T00:04:42+03:00" level=info msg="Starting application on port 8080"
time="2024-09-30T00:04:42+03:00" level=info msg="Server is running on port %s8000"
time="2024-09-30T00:05:48+03:00" level=info msg="Starting application on port 8080"
time="2024-09-30T00:05:48+03:00" level=info msg="Server is running on port %s8000"
time="2024-09-30T00:09:11+03:00" level=info msg="Starting application on port 8080"
time="2024-09-30T00:09:11+03:00" level=info msg="Server is running on port %s8000"
time="2024-09-30T00:10:42+03:00" level=info msg="Starting application on port 8080"
time="2024-09-30T00:10:42+03:00" level=info msg="Server is running on port %s8000"
time="2024-09-30T00:12:02+03:00" level=info msg="Starting application on port 8080"
time="2024-09-30T00:12:02+03:00" level=info msg="Server is running on port %s8000"
time="2024-09-30T00:13:15+03:00" level=info msg="Starting application on port 8080"
time="2024-09-30T00:13:15+03:00" level=info msg="Server is running on port %s8000"
time="2024-09-30T00:20:07+03:00" level=info msg="Starting application on port 8080"
time="2024-09-30T00:20:07+03:00" level=info msg="Server is running on port %s8000"
time="2024-09-30T00:20:45+03:00" level=info msg="Starting application on port 8080"
time="2024-09-30T00:20:45+03:00" level=info msg="Server is running on port %s8000"
time="2024-09-30T00:22:40+03:00" level=info msg="Starting application on port 8080"
time="2024-09-30T00:22:40+03:00" level=info msg="Server is running on port %s8000"
time="2024-09-30T00:23:53+03:00" level=info msg="Starting application on port 8080"
time="2024-09-30T00:23:53+03:00" level=info msg="Server is running on port %s8000"
time="2024-09-30T00:25:18+03:00" level=info msg="Starting application on port 8080"
time="2024-09-30T00:25:18+03:00" level=info msg="Server is running on port %s8000"
time="2024-09-30T00:26:05+03:00" level=info msg="Starting application on port 8080"
time="2024-09-30T00:26:05+03:00" level=info msg="Server is running on port %s8000"
time="2024-09-30T00:29:54+03:00" level=info msg="Starting application on port 8080"
time="2024-09-30T00:29:54+03:00" level=info msg="Server is running on port %s8000"
time="2024-09-30T00:33:21+03:00" level=info msg="Starting application on port 8080"
time="2024-09-30T00:33:21+03:00" level=info msg="Server is running on port %s8000"
time="2024-09-30T00:38:43+03:00" level=info msg="Starting application on port 8080"
time="2024-09-30T00:38:43+03:00" level=info msg="Server is running on port %s8000"
time="2024-09-30T00:46:37+03:00" level=info msg="Starting application on port 8080"
time="2024-09-30T00:46:37+03:00" level=info msg="Server is running on port %s8000"
time="2024-09-30T00:48:50+03:00" level=info msg="Song added successfully with ID: 1, execution time: 4.9585ms"
time="2024-09-30T00:53:53+03:00" level=info msg="Starting application on port 8080"
time="2024-09-30T00:53:53+03:00" level=info msg="Server is running on port %s8000"
time="2024-09-30T00:54:05+03:00" level=info msg="Song added successfully with ID: 2, execution time: 4.4523ms"
time="2024-09-30T00:54:59+03:00" level=info msg="Starting application on port 8080"
time="2024-09-30T00:54:59+03:00" level=info msg="Server is running on port %s8000"
time="2024-09-30T00:55:14+03:00" level=info msg="Song added successfully with ID: 3, execution time: 5.4321ms"
time="2024-09-30T00:55:50+03:00" level=info msg="Starting application on port 8080"
time="2024-09-30T00:55:50+03:00" level=info msg="Server is running on port %s8000"
time="2024-09-30T00:55:57+03:00" level=info msg="Song added successfully with ID: 4, execution time: 4.2636ms"
time="2024-09-30T01:05:24+03:00" level=info msg="Song added successfully with ID: 5, execution time: 3.4004ms"
time="2024-09-30T01:05:54+03:00" level=info msg="Song added successfully with ID: 6, execution time: 3.3295ms"
time="2024-09-30T01:06:03+03:00" level=info msg="Song added successfully with ID: 7, execution time: 3.168ms"
time="2024-09-30T01:06:17+03:00" level=info msg="Song added successfully with ID: 8, execution time: 3.5047ms"
time="2024-09-30T01:06:33+03:00" level=info msg="Song added successfully with ID: 9, execution time: 2.1825ms"
time="2024-09-30T01:07:21+03:00" level=info msg="Song added successfully with ID: 10, execution time: 2.5998ms"
time="2024-09-30T01:13:14+03:00" level=info msg="Starting application on port 8080"
time="2024-09-30T01:13:14+03:00" level=info msg="Server is running on port %s8000"
time="2024-09-30T01:14:41+03:00" level=info msg="GetSongs executed successfully, retrieved 4 songs, execution time: 3.7321ms"
time="2024-09-30T09:27:45+03:00" level=info msg="Starting application on port 8080"
time="2024-09-30T09:27:45+03:00" level=info msg="Server is running on port %s8000"
time="2024-09-30T09:42:02+03:00" level=info msg="Song added successfully with ID: 1, execution time: 8.6524ms"
time="2024-09-30T10:11:23+03:00" level=info msg="Starting application on port 8080"
time="2024-09-30T10:11:23+03:00" level=info msg="Server is running on port %s8000"
time="2024-09-30T10:12:22+03:00" level=info msg="GetSongText executed successfully, execution time: 7.9424ms"
time="2024-09-30T10:12:31+03:00" level=error msg="Error retrieving song text: sql: no rows in result set"
time="2024-09-30T10:12:38+03:00" level=error msg="Error retrieving song text: sql: no rows in result set"
time="2024-09-30T10:13:12+03:00" level=info msg="Song added successfully with ID: 2, execution time: 6.8461ms"
time="2024-09-30T10:14:09+03:00" level=error msg="Error retrieving song text: sql: no rows in result set"
time="2024-09-30T10:14:13+03:00" level=error msg="Error retrieving song text: sql: no rows in result set"
time="2024-09-30T10:14:18+03:00" level=error msg="Error retrieving song text: sql: no rows in result set"
time="2024-09-30T10:14:23+03:00" level=error msg="Error retrieving song text: sql: no rows in result set"
time="2024-09-30T10:19:06+03:00" level=error msg="Error adding song: read tcp [::1]:63925->[::1]:5432: wsarecv: An established connection was aborted by the software in your host machine."
time="2024-09-30T10:19:28+03:00" level=info msg="Song added successfully with ID: 1, execution time: 18.453ms"
time="2024-09-30T10:19:40+03:00" level=error msg="Error retrieving song text: sql: no rows in result set"
time="2024-09-30T10:19:44+03:00" level=info msg="GetSongText executed successfully, execution time: 4.3066ms"
time="2024-09-30T10:26:58+03:00" level=info msg="Song added successfully with ID: 2, execution time: 5.3365ms"
time="2024-09-30T10:27:08+03:00" level=info msg="GetSongText executed successfully, execution time: 4.8865ms"
time="2024-09-30T10:41:19+03:00" level=info msg="Starting application on port 8080"
time="2024-09-30T10:41:19+03:00" level=info msg="Server is running on port %s8000"
time="2024-09-30T10:42:24+03:00" level=info msg="GetSongText executed successfully, execution time: 3.4311ms"
time="2024-09-30T10:42:32+03:00" level=info msg="GetSongText executed successfully, execution time: 5.9847ms"
time="2024-09-30T10:42:39+03:00" level=info msg="GetSongText executed successfully, execution time: 3.2304ms"
time="2024-09-30T10:42:44+03:00" level=info msg="GetSongText executed successfully, execution time: 3.8227ms"
time="2024-09-30T10:44:16+03:00" level=info msg="Starting application on port 8080"
time="2024-09-30T10:44:16+03:00" level=info msg="Server is running on port %s8000"
time="2024-09-30T10:44:31+03:00" level=info msg="GetSongText executed successfully, execution time: 4.2232ms"
time="2024-09-30T10:46:38+03:00" level=info msg="Starting application on port 8080"
time="2024-09-30T10:46:38+03:00" level=info msg="Server is running on port %s8000"
time="2024-09-30T10:46:54+03:00" level=info msg="GetSongText executed successfully, execution time: 4.0866ms"
time="2024-09-30T13:00:29+03:00" level=info msg="Starting application on port 8080"
time="2024-09-30T13:00:56+03:00" level=info msg="Starting application on port 8080"
time="2024-09-30T13:00:56+03:00" level=info msg="Server is running on port %s8000"
time="2024-09-30T13:03:00+03:00" level=info msg="Starting application on port 8000"
time="2024-09-30T13:03:00+03:00" level=info msg="Server is running on port %s8000"
time="2024-09-30T13:03:17+03:00" level=info msg="Starting application on port 8000"
time="2024-09-30T13:03:17+03:00" level=info msg="Server is running on port 8000"
time="2024-09-30T13:12:55+03:00" level=info msg="Starting application on port 8000"
time="2024-09-30T13:12:55+03:00" level=info msg="Server is running on port 8000"
time="2024-09-30T13:16:25+03:00" level=info msg="UpdateSong executed successfully, song ID: 1 updated, execution time: 44.2731ms"
time="2024-09-30T13:17:16+03:00" level=info msg="UpdateSong executed successfully, song ID: 1 updated, execution time: 7.9261ms"
time="2024-09-30T13:18:47+03:00" level=info msg="Starting application on port 8000"
time="2024-09-30T13:18:47+03:00" level=info msg="Server is running on port 8000"
time="2024-09-30T13:19:03+03:00" level=info msg="UpdateSong executed successfully, song ID: 1 updated, execution time: 6.786ms"
